c:\users\roanb\source\repos\pertinax-chess\chess\x64\debug\vc143.pdb
c:\users\roanb\source\repos\pertinax-chess\chess\x64\debug\vc143.idb
c:\users\roanb\source\repos\pertinax-chess\chess\x64\debug\imgui_draw.obj
c:\users\roanb\source\repos\pertinax-chess\chess\x64\debug\imgui_demo.obj
c:\users\roanb\source\repos\pertinax-chess\chess\x64\debug\imgui.obj
c:\users\roanb\source\repos\pertinax-chess\chess\x64\debug\glm.obj
c:\users\roanb\source\repos\pertinax-chess\chess\x64\debug\texture.obj
c:\users\roanb\source\repos\pertinax-chess\chess\x64\debug\testtexture2d.obj
c:\users\roanb\source\repos\pertinax-chess\chess\x64\debug\testclearcolor.obj
c:\users\roanb\source\repos\pertinax-chess\chess\x64\debug\test.obj
c:\users\roanb\source\repos\pertinax-chess\chess\x64\debug\shader.obj
c:\users\roanb\source\repos\pertinax-chess\chess\x64\debug\renderer.obj
c:\users\roanb\source\repos\pertinax-chess\chess\x64\debug\main.obj
c:\users\roanb\source\repos\pertinax-chess\chess\x64\debug\indexbuffer.obj
c:\users\roanb\source\repos\pertinax-chess\chess\x64\debug\createquaddynamic.obj
c:\users\roanb\source\repos\pertinax-chess\chess\x64\debug\legalmoves.obj
c:\users\roanb\source\repos\pertinax-chess\chess\x64\debug\zobristhashing.obj
c:\users\roanb\source\repos\pertinax-chess\chess\x64\debug\search.obj
c:\users\roanb\source\repos\pertinax-chess\chess\x64\debug\evaluation.obj
c:\users\roanb\source\repos\pertinax-chess\chess\x64\debug\board.obj
c:\users\roanb\source\repos\pertinax-chess\chess\x64\debug\uci.obj
c:\users\roanb\source\repos\pertinax-chess\chess\x64\debug\vertexbuffer.obj
c:\users\roanb\source\repos\pertinax-chess\chess\x64\debug\vertexarray.obj
c:\users\roanb\source\repos\pertinax-chess\chess\x64\debug\stb_image.obj
c:\users\roanb\source\repos\pertinax-chess\chess\x64\debug\imgui_widgets.obj
c:\users\roanb\source\repos\pertinax-chess\chess\x64\debug\imgui_tables.obj
c:\users\roanb\source\repos\pertinax-chess\chess\x64\debug\imgui_impl_opengl3.obj
c:\users\roanb\source\repos\pertinax-chess\chess\x64\debug\imgui_impl_glfw.obj
c:\users\roanb\source\repos\pertinax-chess\chess\x64\debug\tt.obj
c:\users\roanb\source\repos\pertinax-chess\chess\x64\debug\chess.tlog\cl.command.1.tlog
c:\users\roanb\source\repos\pertinax-chess\chess\x64\debug\chess.tlog\cl.read.1.tlog
c:\users\roanb\source\repos\pertinax-chess\chess\x64\debug\chess.tlog\cl.write.1.tlog
