  LegalMoves.cpp
C:\Users\roanb\source\repos\Chess\Chess\source\ChessThings\LegalMoves.cpp(103,21): warning C4018: '<=': signed/unsigned mismatch
C:\Users\roanb\source\repos\Chess\Chess\source\ChessThings\LegalMoves.cpp(121,28): warning C4018: '<=': signed/unsigned mismatch
C:\Users\roanb\source\repos\Chess\Chess\source\ChessThings\LegalMoves.cpp(161,28): warning C4018: '<=': signed/unsigned mismatch
C:\Users\roanb\source\repos\Chess\Chess\source\ChessThings\LegalMoves.cpp(201,28): warning C4018: '<=': signed/unsigned mismatch
C:\Users\roanb\source\repos\Chess\Chess\source\ChessThings\LegalMoves.cpp(427,34): warning C4552: '<': result of expression not used
C:\Users\roanb\source\repos\Chess\Chess\source\ChessThings\LegalMoves.cpp(436,34): warning C4552: '<': result of expression not used
  RenderChesspcs.cpp
C:\Users\roanb\source\repos\Chess\Chess\source\ChessThings\RenderChesspcs.cpp(58,71): warning C4244: '=': conversion from 'float' to '_Ty', possible loss of data
          with
          [
              _Ty=unsigned int
          ]
C:\Users\roanb\source\repos\Chess\Chess\source\ChessThings\RenderChesspcs.cpp(145,115): warning C4244: '=': conversion from 'float' to '_Ty', possible loss of data
          with
          [
              _Ty=unsigned int
          ]
C:\Users\roanb\source\repos\Chess\Chess\source\ChessThings\RenderChesspcs.cpp(218,91): warning C4244: 'argument': conversion from 'unsigned int' to 'float', possible loss of data
C:\Users\roanb\source\repos\Chess\Chess\source\ChessThings\RenderChesspcs.cpp(218,76): warning C4244: '=': conversion from 'float' to '_Ty', possible loss of data
          with
          [
              _Ty=unsigned int
          ]
  TestTexture2D.cpp
C:\Program Files\Microsoft Visual Studio\2022\Community\VC\Tools\MSVC\14.36.32532\include\memory(3465,56): warning C4244: 'argument': conversion from '_Ty' to 'unsigned int', possible loss of data
          with
          [
              _Ty=unsigned __int64
          ]
C:\Users\roanb\source\repos\Chess\Chess\source\tests\TestTexture2D.cpp(29,25): message : see reference to function template instantiation 'std::unique_ptr<VertexBuffer,std::default_delete<VertexBuffer>> std::make_unique<VertexBuffer,nullptr,unsigned __int64,0>(nullptr &&,unsigned __int64 &&)' being compiled
  Generating Code...
  Chess.vcxproj -> C:\Users\roanb\source\repos\Chess\x64\Debug\Chess.exe
