c:\users\roanb\source\repos\pertinax-chess\chess\x64\release\vc143.pdb
c:\users\roanb\source\repos\pertinax-chess\chess\x64\release\iteratived.nativecodeanalysis.sarif
c:\users\roanb\source\repos\pertinax-chess\chess\x64\release\iteratived.nativecodeanalysis.xml
c:\users\roanb\source\repos\pertinax-chess\chess\x64\release\search.nativecodeanalysis.sarif
c:\users\roanb\source\repos\pertinax-chess\chess\x64\release\search.nativecodeanalysis.xml
c:\users\roanb\source\repos\pertinax-chess\chess\x64\release\tt.nativecodeanalysis.sarif
c:\users\roanb\source\repos\pertinax-chess\chess\x64\release\tt.nativecodeanalysis.xml
c:\users\roanb\source\repos\pertinax-chess\chess\x64\release\uci.nativecodeanalysis.sarif
c:\users\roanb\source\repos\pertinax-chess\chess\x64\release\uci.nativecodeanalysis.xml
c:\users\roanb\source\repos\pertinax-chess\chess\x64\release\board.nativecodeanalysis.sarif
c:\users\roanb\source\repos\pertinax-chess\chess\x64\release\board.nativecodeanalysis.xml
c:\users\roanb\source\repos\pertinax-chess\chess\x64\release\evaluation.nativecodeanalysis.sarif
c:\users\roanb\source\repos\pertinax-chess\chess\x64\release\evaluation.nativecodeanalysis.xml
c:\users\roanb\source\repos\pertinax-chess\chess\x64\release\zobristhashing.nativecodeanalysis.sarif
c:\users\roanb\source\repos\pertinax-chess\chess\x64\release\zobristhashing.nativecodeanalysis.xml
c:\users\roanb\source\repos\pertinax-chess\chess\x64\release\legalmoves.nativecodeanalysis.sarif
c:\users\roanb\source\repos\pertinax-chess\chess\x64\release\legalmoves.nativecodeanalysis.xml
c:\users\roanb\source\repos\pertinax-chess\chess\x64\release\renderchesspcs.nativecodeanalysis.sarif
c:\users\roanb\source\repos\pertinax-chess\chess\x64\release\renderchesspcs.nativecodeanalysis.xml
c:\users\roanb\source\repos\pertinax-chess\chess\x64\release\createquaddynamic.nativecodeanalysis.sarif
c:\users\roanb\source\repos\pertinax-chess\chess\x64\release\createquaddynamic.nativecodeanalysis.xml
c:\users\roanb\source\repos\pertinax-chess\chess\x64\release\indexbuffer.nativecodeanalysis.sarif
c:\users\roanb\source\repos\pertinax-chess\chess\x64\release\indexbuffer.nativecodeanalysis.xml
c:\users\roanb\source\repos\pertinax-chess\chess\x64\release\main.nativecodeanalysis.sarif
c:\users\roanb\source\repos\pertinax-chess\chess\x64\release\main.nativecodeanalysis.xml
c:\users\roanb\source\repos\pertinax-chess\chess\x64\release\renderer.nativecodeanalysis.sarif
c:\users\roanb\source\repos\pertinax-chess\chess\x64\release\renderer.nativecodeanalysis.xml
c:\users\roanb\source\repos\pertinax-chess\chess\x64\release\shader.nativecodeanalysis.sarif
c:\users\roanb\source\repos\pertinax-chess\chess\x64\release\shader.nativecodeanalysis.xml
c:\users\roanb\source\repos\pertinax-chess\chess\x64\release\test.nativecodeanalysis.sarif
c:\users\roanb\source\repos\pertinax-chess\chess\x64\release\test.nativecodeanalysis.xml
c:\users\roanb\source\repos\pertinax-chess\chess\x64\release\testclearcolor.nativecodeanalysis.sarif
c:\users\roanb\source\repos\pertinax-chess\chess\x64\release\testclearcolor.nativecodeanalysis.xml
c:\users\roanb\source\repos\pertinax-chess\chess\x64\release\testtexture2d.nativecodeanalysis.sarif
c:\users\roanb\source\repos\pertinax-chess\chess\x64\release\testtexture2d.nativecodeanalysis.xml
c:\users\roanb\source\repos\pertinax-chess\chess\x64\release\texture.nativecodeanalysis.sarif
c:\users\roanb\source\repos\pertinax-chess\chess\x64\release\texture.nativecodeanalysis.xml
c:\users\roanb\source\repos\pertinax-chess\chess\x64\release\glm.nativecodeanalysis.sarif
c:\users\roanb\source\repos\pertinax-chess\chess\x64\release\glm.nativecodeanalysis.xml
c:\users\roanb\source\repos\pertinax-chess\chess\x64\release\imgui.nativecodeanalysis.sarif
c:\users\roanb\source\repos\pertinax-chess\chess\x64\release\imgui.nativecodeanalysis.xml
c:\users\roanb\source\repos\pertinax-chess\chess\x64\release\imgui.obj
c:\users\roanb\source\repos\pertinax-chess\chess\x64\release\glm.obj
c:\users\roanb\source\repos\pertinax-chess\chess\x64\release\texture.obj
c:\users\roanb\source\repos\pertinax-chess\chess\x64\release\testtexture2d.obj
c:\users\roanb\source\repos\pertinax-chess\chess\x64\release\testclearcolor.obj
c:\users\roanb\source\repos\pertinax-chess\chess\x64\release\test.obj
c:\users\roanb\source\repos\pertinax-chess\chess\x64\release\shader.obj
c:\users\roanb\source\repos\pertinax-chess\chess\x64\release\renderer.obj
c:\users\roanb\source\repos\pertinax-chess\chess\x64\release\main.obj
c:\users\roanb\source\repos\pertinax-chess\chess\x64\release\indexbuffer.obj
c:\users\roanb\source\repos\pertinax-chess\chess\x64\release\createquaddynamic.obj
c:\users\roanb\source\repos\pertinax-chess\chess\x64\release\renderchesspcs.obj
c:\users\roanb\source\repos\pertinax-chess\chess\x64\release\legalmoves.obj
c:\users\roanb\source\repos\pertinax-chess\chess\x64\release\zobristhashing.obj
c:\users\roanb\source\repos\pertinax-chess\chess\x64\release\evaluation.obj
c:\users\roanb\source\repos\pertinax-chess\chess\x64\release\board.obj
c:\users\roanb\source\repos\pertinax-chess\chess\x64\release\uci.obj
c:\users\roanb\source\repos\pertinax-chess\chess\x64\release\tt.obj
c:\users\roanb\source\repos\pertinax-chess\chess\x64\release\search.obj
c:\users\roanb\source\repos\pertinax-chess\chess\x64\release\iteratived.obj
c:\users\roanb\source\repos\pertinax-chess\chess\x64\release\imgui_demo.nativecodeanalysis.sarif
c:\users\roanb\source\repos\pertinax-chess\chess\x64\release\imgui_demo.nativecodeanalysis.xml
c:\users\roanb\source\repos\pertinax-chess\chess\x64\release\imgui_draw.nativecodeanalysis.sarif
c:\users\roanb\source\repos\pertinax-chess\chess\x64\release\imgui_draw.nativecodeanalysis.xml
c:\users\roanb\source\repos\pertinax-chess\chess\x64\release\imgui_impl_glfw.nativecodeanalysis.sarif
c:\users\roanb\source\repos\pertinax-chess\chess\x64\release\imgui_impl_glfw.nativecodeanalysis.xml
c:\users\roanb\source\repos\pertinax-chess\chess\x64\release\imgui_impl_opengl3.nativecodeanalysis.sarif
c:\users\roanb\source\repos\pertinax-chess\chess\x64\release\imgui_impl_opengl3.nativecodeanalysis.xml
c:\users\roanb\source\repos\pertinax-chess\chess\x64\release\imgui_tables.nativecodeanalysis.sarif
c:\users\roanb\source\repos\pertinax-chess\chess\x64\release\imgui_tables.nativecodeanalysis.xml
c:\users\roanb\source\repos\pertinax-chess\chess\x64\release\imgui_widgets.nativecodeanalysis.sarif
c:\users\roanb\source\repos\pertinax-chess\chess\x64\release\imgui_widgets.nativecodeanalysis.xml
c:\users\roanb\source\repos\pertinax-chess\chess\x64\release\stb_image.nativecodeanalysis.sarif
c:\users\roanb\source\repos\pertinax-chess\chess\x64\release\stb_image.nativecodeanalysis.xml
c:\users\roanb\source\repos\pertinax-chess\chess\x64\release\vertexarray.nativecodeanalysis.sarif
c:\users\roanb\source\repos\pertinax-chess\chess\x64\release\vertexarray.nativecodeanalysis.xml
c:\users\roanb\source\repos\pertinax-chess\chess\x64\release\vertexbuffer.nativecodeanalysis.sarif
c:\users\roanb\source\repos\pertinax-chess\chess\x64\release\vertexbuffer.nativecodeanalysis.xml
c:\users\roanb\source\repos\pertinax-chess\chess\x64\release\vertexbuffer.obj
c:\users\roanb\source\repos\pertinax-chess\chess\x64\release\vertexarray.obj
c:\users\roanb\source\repos\pertinax-chess\chess\x64\release\stb_image.obj
c:\users\roanb\source\repos\pertinax-chess\chess\x64\release\imgui_widgets.obj
c:\users\roanb\source\repos\pertinax-chess\chess\x64\release\imgui_tables.obj
c:\users\roanb\source\repos\pertinax-chess\chess\x64\release\imgui_impl_opengl3.obj
c:\users\roanb\source\repos\pertinax-chess\chess\x64\release\imgui_impl_glfw.obj
c:\users\roanb\source\repos\pertinax-chess\chess\x64\release\imgui_draw.obj
c:\users\roanb\source\repos\pertinax-chess\chess\x64\release\imgui_demo.obj
c:\users\roanb\source\repos\pertinax-chess\x64\release\chess.exe
c:\users\roanb\source\repos\pertinax-chess\x64\release\chess.pdb
c:\users\roanb\source\repos\pertinax-chess\chess\x64\release\chess.ipdb
c:\users\roanb\source\repos\pertinax-chess\chess\x64\release\chess.iobj
c:\users\roanb\source\repos\pertinax-chess\chess\x64\release\vc.nativecodeanalysis.all.xml
c:\users\roanb\source\repos\pertinax-chess\chess\x64\release\chess.tlog\cl.command.1.tlog
c:\users\roanb\source\repos\pertinax-chess\chess\x64\release\chess.tlog\cl.items.tlog
c:\users\roanb\source\repos\pertinax-chess\chess\x64\release\chess.tlog\cl.read.1.tlog
c:\users\roanb\source\repos\pertinax-chess\chess\x64\release\chess.tlog\cl.write.1.tlog
c:\users\roanb\source\repos\pertinax-chess\chess\x64\release\chess.tlog\link.command.1.tlog
c:\users\roanb\source\repos\pertinax-chess\chess\x64\release\chess.tlog\link.read.1.tlog
c:\users\roanb\source\repos\pertinax-chess\chess\x64\release\chess.tlog\link.secondary.1.tlog
c:\users\roanb\source\repos\pertinax-chess\chess\x64\release\chess.tlog\link.write.1.tlog
