  LegalMoves.cpp
C:\Users\roanb\source\repos\Chess\Chess\source\ChessThings\LegalMoves.cpp(229,36): warning C4018: '<': signed/unsigned mismatch
C:\Users\roanb\source\repos\Chess\Chess\source\ChessThings\LegalMoves.cpp(294,36): warning C4018: '<': signed/unsigned mismatch
C:\Users\roanb\source\repos\Chess\Chess\source\ChessThings\LegalMoves.cpp(358,36): warning C4018: '<': signed/unsigned mismatch
C:\Users\roanb\source\repos\Chess\Chess\source\ChessThings\LegalMoves.cpp(391,51): warning C4244: 'argument': conversion from 'int16_t' to '_Ty', possible loss of data
          with
          [
              _Ty=uint8_t
          ]
C:\Users\roanb\source\repos\Chess\Chess\source\ChessThings\LegalMoves.cpp(635,55): warning C4244: 'argument': conversion from 'uint16_t' to '_Ty', possible loss of data
          with
          [
              _Ty=uint8_t
          ]
LINK : warning LNK4098: defaultlib 'LIBCMT' conflicts with use of other libs; use /NODEFAULTLIB:library
  Generating code
  3 of 3951 functions (<0.1%) were compiled, the rest were copied from previous compilation.
    0 functions were new in current compilation
    45 functions had inline decision re-evaluated but remain unchanged
  Finished generating code
glew32s.lib(glew.obj) : warning LNK4099: PDB '' was not found with 'glew32s.lib(glew.obj)' or at ''; linking object as if no debug info
  Chess.vcxproj -> C:\Users\roanb\source\repos\Chess\x64\Release\Chess.exe
